<?xml version="1.0" encoding="UTF-8"?>
<!-- Generated by org.testng.reporters.JUnitXMLReporter -->
<testsuite ignored="0" hostname="DESKTOP-C4LC40M" failures="0" tests="5" name="Register Page Sucess Test Cases" time="14.293" errors="0" timestamp="2022-11-29T12:40:07 IST">
  <testcase classname="TestLayer.RegisterPageTest" name="validateRegisterFunctionality" time="3.857"/>
  <testcase classname="TestLayer.RegisterSucessTest" name="validateSucessPageUrl" time="0.015"/>
  <testcase classname="TestLayer.RegisterSucessTest" name="validateFirstName" time="0.029"/>
  <testcase classname="TestLayer.RegisterSucessTest" name="validateLastName" time="0.018"/>
  <testcase classname="TestLayer.RegisterSucessTest" name="validateEmailId" time="0.028"/>
</testsuite> <!-- Register Page Sucess Test Cases -->
