<?xml version="1.0" encoding="UTF-8"?>
<testng-results ignored="0" total="5" passed="5" failed="0" skipped="0">
  <reporter-output>
  </reporter-output>
  <suite started-at="2022-11-29T12:39:53 IST" name="Guru 99 Application" finished-at="2022-11-29T12:40:07 IST" duration-ms="14293">
    <groups>
      <group name="RegisterSucess">
        <method signature="RegisterSucessTest.validateSucessPageUrl()[pri:1, instance:TestLayer.RegisterSucessTest@43df23d3]" name="validateSucessPageUrl" class="TestLayer.RegisterSucessTest"/>
        <method signature="RegisterSucessTest.validateFirstName()[pri:2, instance:TestLayer.RegisterSucessTest@43df23d3]" name="validateFirstName" class="TestLayer.RegisterSucessTest"/>
        <method signature="RegisterSucessTest.validateLastName()[pri:3, instance:TestLayer.RegisterSucessTest@43df23d3]" name="validateLastName" class="TestLayer.RegisterSucessTest"/>
        <method signature="RegisterSucessTest.validateEmailId()[pri:4, instance:TestLayer.RegisterSucessTest@43df23d3]" name="validateEmailId" class="TestLayer.RegisterSucessTest"/>
      </group> <!-- RegisterSucess -->
      <group name="RegisterPage">
        <method signature="RegisterPageTest.validateRegisterFunctionality()[pri:0, instance:TestLayer.RegisterPageTest@70ed52de]" name="validateRegisterFunctionality" class="TestLayer.RegisterPageTest"/>
      </group> <!-- RegisterPage -->
    </groups>
    <test started-at="2022-11-29T12:39:53 IST" name="Register Page Sucess Test Cases" finished-at="2022-11-29T12:40:07 IST" duration-ms="14293">
      <class name="TestLayer.RegisterSucessTest">
        <test-method signature="validateSucessPageUrl()[pri:1, instance:TestLayer.RegisterSucessTest@43df23d3]" started-at="2022-11-29T12:40:06 IST" name="validateSucessPageUrl" depends-on-groups="RegisterPage" finished-at="2022-11-29T12:40:06 IST" duration-ms="15" status="PASS">
          <reporter-output>
          </reporter-output>
        </test-method> <!-- validateSucessPageUrl -->
        <test-method signature="validateFirstName()[pri:2, instance:TestLayer.RegisterSucessTest@43df23d3]" started-at="2022-11-29T12:40:06 IST" name="validateFirstName" depends-on-groups="RegisterPage" finished-at="2022-11-29T12:40:06 IST" duration-ms="29" status="PASS">
          <reporter-output>
          </reporter-output>
        </test-method> <!-- validateFirstName -->
        <test-method signature="validateLastName()[pri:3, instance:TestLayer.RegisterSucessTest@43df23d3]" started-at="2022-11-29T12:40:06 IST" name="validateLastName" depends-on-groups="RegisterPage" finished-at="2022-11-29T12:40:06 IST" duration-ms="18" status="PASS">
          <reporter-output>
          </reporter-output>
        </test-method> <!-- validateLastName -->
        <test-method signature="validateEmailId()[pri:4, instance:TestLayer.RegisterSucessTest@43df23d3]" started-at="2022-11-29T12:40:07 IST" name="validateEmailId" depends-on-groups="RegisterPage" finished-at="2022-11-29T12:40:07 IST" duration-ms="28" status="PASS">
          <reporter-output>
          </reporter-output>
        </test-method> <!-- validateEmailId -->
      </class> <!-- TestLayer.RegisterSucessTest -->
      <class name="TestLayer.RegisterPageTest">
        <test-method is-config="true" signature="setUp()[pri:0, instance:TestLayer.RegisterPageTest@70ed52de]" started-at="2022-11-29T12:39:53 IST" name="setUp" finished-at="2022-11-29T12:40:02 IST" duration-ms="9179" status="PASS">
          <reporter-output>
          </reporter-output>
        </test-method> <!-- setUp -->
        <test-method signature="validateRegisterFunctionality()[pri:0, instance:TestLayer.RegisterPageTest@70ed52de]" started-at="2022-11-29T12:40:02 IST" name="validateRegisterFunctionality" finished-at="2022-11-29T12:40:06 IST" duration-ms="3857" status="PASS">
          <reporter-output>
          </reporter-output>
        </test-method> <!-- validateRegisterFunctionality -->
        <test-method is-config="true" signature="tearDown()[pri:0, instance:TestLayer.RegisterPageTest@70ed52de]" started-at="2022-11-29T12:40:07 IST" name="tearDown" finished-at="2022-11-29T12:40:07 IST" duration-ms="1" status="PASS">
          <reporter-output>
          </reporter-output>
        </test-method> <!-- tearDown -->
      </class> <!-- TestLayer.RegisterPageTest -->
    </test> <!-- Register Page Sucess Test Cases -->
  </suite> <!-- Guru 99 Application -->
</testng-results>
